<?xml version="1.0" encoding="UTF-8"?>
<!-- Generated by org.testng.reporters.JUnitReportReporter -->
<testsuite hostname="DESKTOP-4I1CNKC" failures="0" tests="1" name="TestCases.Test1" time="10.117" errors="0" timestamp="2023-06-28T16:31:03 CST" skipped="0">
  <testcase classname="TestCases.Test1" name="fTest" time="10.117"/>
</testsuite> <!-- TestCases.Test1 -->
