<?xml version="1.0" encoding="UTF-8"?>
<!-- Generated by org.testng.reporters.JUnitReportReporter -->
<testsuite hostname="DESKTOP-00GI9FB" failures="0" tests="1" name="TestCases.HomePageTest" time="9.637" errors="0" timestamp="2024-02-04T20:21:25 CST" skipped="0">
  <testcase classname="TestCases.HomePageTest" name="fTest" time="9.637"/>
</testsuite> <!-- TestCases.HomePageTest -->
